commit 6843743e09e7d29b1acfa1ba6c66d562d906eb5f
Merge: 02dae6f cabdf5f
Author: Scott Munro <scottnmunro@gmail.com>
Date:   Thu Mar 23 20:13:34 2017 -0500

    Merge branch 'dev'

commit cabdf5f7c6cfb129e46286003c0c2f2948758110
Author: Scott Munro <scottnmunro@gmail.com>
Date:   Thu Mar 23 20:12:50 2017 -0500

    app var name no longer app so it needed changing to deploy

commit 8bd7b621fc95c83283198fc17d849f4a0aeaa8d0
Author: Scott Munro <scottnmunro@gmail.com>
Date:   Thu Mar 23 19:28:48 2017 -0500

    merging in frontend total unit tests to flask

commit 784cb21c350d03e579ae9e448706bca51b5d679a
Merge: 5bf3799 8ca681b
Author: Scott Munro <scottnmunro@gmail.com>
Date:   Thu Mar 23 19:27:37 2017 -0500

    Merge branch 'dev' into frontend-integration

commit 5bf37992f2c0ed8782e7b914e6ddfee837023b74
Author: Scott Munro <scottnmunro@gmail.com>
Date:   Thu Mar 23 19:27:13 2017 -0500

    updating the flask server with frontend changes

commit 8ca681b4c091ef9003ef4a32a597e7f0d80112c1
Author: Thomas Cardwell <Thomas Cardwell>
Date:   Thu Mar 23 19:26:23 2017 -0500

    added total unit tests

commit b362c608e96eb47e48c3c415dfb254edfe2881a4
Author: Scott Munro <scottnmunro@gmail.com>
Date:   Thu Mar 23 19:23:18 2017 -0500

    removing conflicting client.min.js

commit 659f11176cc9ed9d34627aed0086d8e326378e10
Merge: 181835b 6f357f1
Author: Scott Munro <scottnmunro@gmail.com>
Date:   Thu Mar 23 19:23:00 2017 -0500

    Merge branch 'dev' into frontend-integration
    
    Conflicts:
            vf-react/src/client.min.js

commit 6f357f10e9b8c526431410aad1b512a5fc3fd369
Author: Thomas Cardwell <Thomas Cardwell>
Date:   Thu Mar 23 19:22:13 2017 -0500

    added pedantic stat totals

commit 181835bd64c8c38ca508be6880d23d5f039bb518
Author: Scott Munro <scottnmunro@gmail.com>
Date:   Thu Mar 23 19:15:09 2017 -0500

    fixed pylint error

commit 30e2aa6bcc3a6ef5bd9fa1be667d6456ff1f5e33
Merge: 9b6e3c7 b9b9ba3
Author: Scott Munro <scottnmunro@gmail.com>
Date:   Thu Mar 23 19:12:33 2017 -0500

    Merge branch 'dev' into frontend-integration

commit b9b9ba346083d6eb81cde42b83032205587963bc
Author: Noel Benzinger <noelbenzinger@gmail.com>
Date:   Thu Mar 23 19:11:43 2017 -0500

    Formated with autopep8.

commit ee99185efcb7795a7736d2358f041e4fdb0a9165
Author: Noel Benzinger <noelbenzinger@gmail.com>
Date:   Thu Mar 23 18:56:15 2017 -0500

    Added pylint output.

commit abfd49b1d1645a7c8fad6faa9008357705665f20
Author: Noel Benzinger <noelbenzinger@gmail.com>
Date:   Thu Mar 23 18:23:21 2017 -0500

    YUML pdf.

commit 9a08af9a828be5fad5f46bca6d3dbf4a2f1b6e86
Author: CoryDunn <cory.dunn@sbcglobal.net>
Date:   Thu Mar 23 18:22:55 2017 -0500

    Remove run from makefile

commit 9b6e3c717c2d22f686835f2c36d2a13a53c1172e
Author: Scott Munro <scottnmunro@gmail.com>
Date:   Thu Mar 23 18:17:59 2017 -0500

    updating from frontend junk

commit a88712cca7afe6ce596075854b48b7df7d916d06
Merge: dc7a0d7 525ebc2
Author: Noel Benzinger <noelbenzinger@gmail.com>
Date:   Thu Mar 23 18:17:24 2017 -0500

    Merge branch 'dev' of https://github.com/jmsanchez86/idb into dev

commit dc7a0d72429b97c3e3902ae3a891c70b30e01e2d
Author: Noel Benzinger <noelbenzinger@gmail.com>
Date:   Thu Mar 23 18:17:17 2017 -0500

    Fixed pydoc rule, generated docs.

commit 551f6caf4c07822c9d6878512bd63003fdfc2fd6
Author: Noel Benzinger <noelbenzinger@gmail.com>
Date:   Thu Mar 23 18:15:07 2017 -0500

    Added docstrings.

commit 525ebc25155989f1441eac6094d30780e406e980
Merge: ade293e 30d2118
Author: Thomas Cardwell <Thomas Cardwell>
Date:   Thu Mar 23 17:55:24 2017 -0500

    fixed style merge

commit ade293ea2358005eea56dc31bec2f77e897c65a2
Author: Thomas Cardwell <Thomas Cardwell>
Date:   Thu Mar 23 17:42:04 2017 -0500

    added tech doc to about page

commit 30d21181ee222f3193d0b8127509a0a9863e2e1d
Author: Noel Benzinger <noel.benzinger@utexas.edu>
Date:   Thu Mar 23 16:14:09 2017 -0500

    Updated number of unit tests, lower-cased classifications.

commit bf5b3337d98a08b8686f8a0236bd9142ced97526
Merge: e32da26 a7f4316
Author: Scott Munro <scottmunro@utexas.edu>
Date:   Thu Mar 23 15:44:09 2017 -0500

    Merge pull request #70 from jmsanchez86/fix-for-linting-and-mypy
    
    Fix for linting and mypy

commit a7f431636327a90463a3d3b0fe7c2b1491ef5354
Author: Scott Munro <scottnmunro@gmail.com>
Date:   Thu Mar 23 15:40:08 2017 -0500

    fixing extraneous backslashes for continuation

commit 55c6e9daf490d67f9e9210347d6df75aab3ca35f
Author: Scott Munro <scottnmunro@gmail.com>
Date:   Thu Mar 23 15:39:44 2017 -0500

    don't phony the pylintrc

commit e32da269efaea8ba3872b948a4b12b446202bdd9
Author: Noel Benzinger <noelbenzinger@gmail.com>
Date:   Thu Mar 23 10:29:41 2017 -0500

    Added travis status badge and a project description.

commit c49d46be2406ee34a0b2def956bfc78dfe3fd4ac
Merge: 2857a0e c861f9d
Author: Scott Hornberger <scott.hornberger@utexas.edu>
Date:   Wed Mar 22 22:58:41 2017 -0500

    Merge branch 'media' into dev

commit c861f9d99864737360025a509eb5a02c2013a35b
Author: Scott Hornberger <scott.hornberger@utexas.edu>
Date:   Wed Mar 22 22:57:22 2017 -0500

    Single pages implemented

commit 2857a0e4199887f7500d522ff60eb5f1d50f9467
Author: Thomas Cardwell <Thomas Cardwell>
Date:   Wed Mar 22 21:32:25 2017 -0500

    updated vegetarian tag url

commit 42e89ff7b91cfe2a197f51e39c42346ee3c9a48a
Author: Thomas Cardwell <Thomas Cardwell>
Date:   Wed Mar 22 21:24:03 2017 -0500

    leaf vegetarian tags

commit b93aa96a0b5285d8f2bf2fcfaa031702e3f88f0e
Author: Scott Hornberger <scott.hornberger@utexas.edu>
Date:   Wed Mar 22 21:23:15 2017 -0500

    Tweak media objects. Get rid of thumbnail outline.

commit 3d16a8a9a94e8245725245e3861f9717b6f017e3
Author: Scott Munro <scottnmunro@gmail.com>
Date:   Wed Mar 22 21:02:20 2017 -0500

    type annotating the db for mypy

commit fe6ff68cfba597463e8594a489bbee8806816bae
Author: Scott Munro <scottnmunro@gmail.com>
Date:   Wed Mar 22 20:55:06 2017 -0500

    updated pylintrc rule and added pylint-check rule

commit f2eaba9e9b5b548ca6e42489f6830e5343425d37
Author: Scott Munro <scottnmunro@gmail.com>
Date:   Wed Mar 22 20:54:14 2017 -0500

    fixing pylint issues

commit 41082c894c018c75227f4efe3d8a6064dcd91903
Author: Scott Munro <scottnmunro@gmail.com>
Date:   Wed Mar 22 20:50:02 2017 -0500

    use the pylintrc to stop pylint being annoying

commit 21c00cc51d16a5c4c7d5ca6fb2fb482b5c369f57
Author: Scott Hornberger <scott.hornberger@utexas.edu>
Date:   Wed Mar 22 20:29:31 2017 -0500

    Media format

commit 32280f5e5f56a28daa11a62ef072d962b6ef2adb
Author: Scott Hornberger <scott.hornberger@utexas.edu>
Date:   Wed Mar 22 19:22:43 2017 -0500

    Resize images for Single age.

commit a700f3df20713a3ecb52449c5cde3d7d5fd11279
Author: Scott Hornberger <scott.hornberger@utexas.edu>
Date:   Wed Mar 22 19:21:16 2017 -0500

    Add tag image. Convert to media format.

commit 646cccba1a679e9e4411c6778a47010caa1bf6a3
Author: Scott Hornberger <scott.hornberger@utexas.edu>
Date:   Wed Mar 22 17:42:58 2017 -0500

    Turkey aint vegetarian.

commit c276638ac33798a0ec36dd1b679b9b22cd293254
Merge: 5567bc0 608d101
Author: Scott Hornberger <scott.hornberger@utexas.edu>
Date:   Wed Mar 22 17:34:20 2017 -0500

    Merge branch 'dev' of github.com:jmsanchez86/idb into dev

commit 5567bc073822b80f6ff1b1ed63c18c664b0b6cef
Author: Scott Hornberger <scott.hornberger@utexas.edu>
Date:   Wed Mar 22 17:34:14 2017 -0500

    Everyday is two words.

commit 01bb3ceda83c6031e9f42733f162c61321977f91
Author: Scott Hornberger <scott.hornberger@utexas.edu>
Date:   Wed Mar 22 17:31:25 2017 -0500

    Every Day is two words.

commit 608d101f7644fe85222b184066ddca45bd062d2d
Author: Thomas Cardwell <Thomas Cardwell>
Date:   Wed Mar 22 17:30:40 2017 -0500

    fixed css typo, grocery items now properly square somehow

commit 0c6105de8d1a481e35f7344dfb70a2fd8a8947e0
Author: Thomas Cardwell <Thomas Cardwell>
Date:   Wed Mar 22 17:12:41 2017 -0500

    added quick tag to grid pages filter

commit 9c9c8d034ec98495a77af6aa3c66a500ae2fc84e
Author: Thomas Cardwell <Thomas Cardwell>
Date:   Wed Mar 22 17:01:46 2017 -0500

    made single pages list headers programmatic

commit e9f49b343d9785d3cb40fb2588cc1d6ed6bca236
Merge: 95a0165 f7be1e0
Author: Scott Hornberger <scott.hornberger@utexas.edu>
Date:   Wed Mar 22 15:07:57 2017 -0500

    Merge branch 'dev' of github.com:jmsanchez86/idb into dev

commit 95a01652772fcac322eaf2753c4dc6de06ac4fde
Author: Scott Hornberger <scott.hornberger@utexas.edu>
Date:   Wed Mar 22 15:05:28 2017 -0500

    Add button - no functionality yet.

commit b1868d9feb9e41b9e23698fba516ea4c60b1d500
Author: Scott Munro <scottnmunro@gmail.com>
Date:   Wed Mar 22 13:49:35 2017 -0500

    updated makefile to run mypy on all python files in app directory

commit f7be1e0369974eb5d5bc1cf788e4c77e4a77edd4
Author: Thomas Cardwell <Thomas Cardwell>
Date:   Wed Mar 22 01:34:42 2017 -0500

    fixed path changes for new app folder

commit 0915cb48cd97603c5e9c1161846ca60d79f8f96c
Merge: e2f7eaf 3da118f
Author: Thomas Cardwell <Thomas Cardwell>
Date:   Wed Mar 22 01:01:15 2017 -0500

    Merge branch 'about-refactor' into dev

commit 3da118f557d92ac34ec47f2c4b5ec07fe6fbfa49
Author: Thomas Cardwell <Thomas Cardwell>
Date:   Wed Mar 22 00:58:08 2017 -0500

    fixed about page and teaminfo

commit e2f7eaf7f66c6397935033a83ee48f57784e0619
Merge: 1f6f892 6b84d62
Author: Scott Munro <scottmunro@utexas.edu>
Date:   Wed Mar 22 00:29:18 2017 -0500

    Merge pull request #68 from jmsanchez86/model-tests
    
    Model unit tests

commit 6b84d6206b17b3ad7f135f8d25376e71d3066f32
Merge: 64307da 1f6f892
Author: Scott Munro <scottnmunro@gmail.com>
Date:   Wed Mar 22 00:25:49 2017 -0500

    Merge branch 'dev' into model-tests
    
    Conflicts:
            .gitignore

commit 1f6f892446be93726ea62f508efc56b1213c167e
Author: Thomas Cardwell <Thomas Cardwell>
Date:   Tue Mar 21 23:42:44 2017 -0500

    BRIGHTER ORANGE tags

commit 9831cbbf59e9c9296c64d90f0187526b0373ffcd
Author: Thomas Cardwell <Thomas Cardwell>
Date:   Tue Mar 21 23:37:54 2017 -0500

    added fourth tag to tags grid page

commit d3f5a7c0ff046a734e1a859e59b020b913dc06f7
Author: Thomas Cardwell <Thomas Cardwell>
Date:   Tue Mar 21 23:36:42 2017 -0500

    removed console output

commit b851ab91aa6d6e657e954f85483a4e5ba346d498
Author: Thomas Cardwell <Thomas Cardwell>
Date:   Tue Mar 21 23:11:53 2017 -0500

    added tags pictures and linked them in the json

commit f14360fece3aef1434f367c278d3364258fc2b10
Author: Scott Hornberger <scott.hornberger@utexas.edu>
Date:   Tue Mar 21 21:28:08 2017 -0500

    Fix typo.

commit 0b4ac4da5c2c7b927359acf457987dc09fe274e5
Author: Scott Hornberger <scott.hornberger@utexas.edu>
Date:   Tue Mar 21 21:24:18 2017 -0500

    Vegetables are vegetarian.

commit c30219138d93c5850a2c6756842af6e02c3d70a1
Author: Scott Hornberger <scott.hornberger@utexas.edu>
Date:   Tue Mar 21 21:17:10 2017 -0500

    Squared photos for GroceryItems Recipes.

commit fd3ac8c0804ad58934cdbc0dff61e33e126f5b55
Author: Scott Hornberger <scott.hornberger@utexas.edu>
Date:   Tue Mar 21 21:11:52 2017 -0500

    Squared images on Ingredients

commit e8416e3ad14bdb5b6ecf2fc3fcbb2787f88a9c81
Author: Scott Hornberger <scott.hornberger@utexas.edu>
Date:   Tue Mar 21 21:11:09 2017 -0500

    Implement Tag Single Page.

commit acd5ec03033d2db6c618473988f01f9ef8149e89
Merge: 2df8c83 37f380d
Author: Scott Hornberger <scott.hornberger@utexas.edu>
Date:   Tue Mar 21 21:09:59 2017 -0500

    Merge branch 'dev' of github.com:jmsanchez86/idb into dev

commit 2df8c837829ac0870d6f874d1e64eaa62891dbe6
Author: Scott Hornberger <scott.hornberger@utexas.edu>
Date:   Tue Mar 21 21:09:47 2017 -0500

    Update food.json to have photos

commit 64307da7c2c4c62e6b150d068654ecff85b5d207
Author: Scott Munro <scottnmunro@gmail.com>
Date:   Tue Mar 21 20:52:33 2017 -0500

    let travis know about the python path

commit 6b9947392b64465aa214e801ba5c02ac94e87330
Author: Scott Munro <scottnmunro@gmail.com>
Date:   Tue Mar 21 20:50:03 2017 -0500

    adding sqlalchemy to the travis config

commit 67ff87f6ef189559c76fa89635137d2c723f3083
Author: Scott Munro <scottnmunro@gmail.com>
Date:   Tue Mar 21 20:46:59 2017 -0500

    fix: whoops forgot to update the makefile with the new app name

commit c0c5b2a026dbb4e3e82d3451f0f30e93b901dace
Author: Scott Munro <scottnmunro@gmail.com>
Date:   Tue Mar 21 20:44:11 2017 -0500

    renaming vennfridge inner dir to app dir
    
    closes issue #67

commit 37f380dfc224ab166832525cddc24662b3ab7665
Author: Thomas Cardwell <Thomas Cardwell>
Date:   Tue Mar 21 20:33:57 2017 -0500

    added grocery item, updated recipes

commit 754da4a140b1e5ed81f74be7b8d97be55d15a67d
Author: Scott Munro <scottnmunro@gmail.com>
Date:   Tue Mar 21 20:31:35 2017 -0500

    fixed to use absolute module imports which pylint prefers

commit a51ecfb2f0d36a8dbd54450ca3746399ca1e54d0
Author: Scott Hornberger <scott.hornberger@utexas.edu>
Date:   Tue Mar 21 20:14:35 2017 -0500

    deleted z--- files. Updated TagSingle, client.min.js

commit 7b256009946d8f2021422ddf0f916b55bd5b8310
Merge: 0e7c0eb d57218b
Author: Jose Sanchez <jmsanchez8653@hotmail.com>
Date:   Tue Mar 21 20:12:02 2017 -0500

    Merge branch 'dev' of https://github.com/jmsanchez86/idb into dev

commit 0e7c0ebd829cb0b2773aa894941992e79e1dfc1d
Author: Jose Sanchez <jmsanchez8653@hotmail.com>
Date:   Tue Mar 21 20:11:35 2017 -0500

    Fixed single recipe page.

commit 74070cb9da698f7475b54e2718d55d8a042c4bab
Author: Scott Munro <scottnmunro@gmail.com>
Date:   Tue Mar 21 20:03:06 2017 -0500

    added test execution to makefile

commit d57218bfdc273b2d14465c8933bc54de180ea9df
Author: Scott Hornberger <scott.hornberger@utexas.edu>
Date:   Tue Mar 21 19:36:35 2017 -0500

    Really add the package.json file

commit d2fde8e4fedabcda34facab0a8319c91e516e83d
Author: Scott Hornberger <scott.hornberger@utexas.edu>
Date:   Tue Mar 21 19:35:27 2017 -0500

    Update package.json to install webpack with npm install

commit 9e39f045181491863474b29fcf616c29f2d1bc70
Merge: d364568 10eb520
Author: Scott Hornberger <scott.hornberger@utexas.edu>
Date:   Tue Mar 21 19:33:57 2017 -0500

    Merge branch 'dev' of github.com:jmsanchez86/idb into dev

commit d36456830d31c1f661fc534b7da57fb632fdbd20
Author: Scott Hornberger <scott.hornberger@utexas.edu>
Date:   Tue Mar 21 19:33:31 2017 -0500

    Added Hornberger's data to team info.

commit 10eb520e3a2ce57792ce955b7bd754774da6337c
Author: Jose Sanchez <jmsanchez8653@hotmail.com>
Date:   Tue Mar 21 19:32:02 2017 -0500

    Added single tag page.

commit 31e9b6367a3f061084d72a530f912259839edcf6
Author: Jose Sanchez <jmsanchez8653@hotmail.com>
Date:   Tue Mar 21 19:04:28 2017 -0500

    Added single ingredient page

commit 871b34a857c0674ff88b313b7165b0eea6a3e264
Author: Noel Benzinger <noel.benzinger@utexas.edu>
Date:   Tue Mar 21 19:02:16 2017 -0500

    Added model unit tests.

commit 53a072757197c9ad3b882465448dc7fb1d807dba
Author: Jose Sanchez <jmsanchez8653@hotmail.com>
Date:   Tue Mar 21 18:35:15 2017 -0500

    Fixed indexing within grid pages

commit b88e37f6bde94d42436b20e958866803aa0e1474
Merge: 468e237 3ade062
Author: Thomas Cardwell <Thomas Cardwell>
Date:   Tue Mar 21 18:28:36 2017 -0500

    Merge branch 'dev' of https://github.com/jmsanchez86/idb into dev

commit 468e237c3fc2f3d2093e4b0db2ea45bb5ab2fdd8
Author: Thomas Cardwell <Thomas Cardwell>
Date:   Tue Mar 21 18:28:22 2017 -0500

    updated food json to make grocery items and recipes objects

commit f9c0f63a48e9e82eaa02e30a4c81051bb035c66c
Author: Thomas Cardwell <Thomas Cardwell>
Date:   Tue Mar 21 18:27:44 2017 -0500

    updated gitignore

commit 3ade062060c859e2f5fc5fd53132efd9e309e256
Merge: ab30e63 fad2466
Author: Noel Benzinger <noel.benzinger@utexas.edu>
Date:   Tue Mar 21 18:19:26 2017 -0500

    Merge pull request #63 from jmsanchez86/models
    
    Models

commit ab30e638590a371584729cce3d6835a40f37c24d
Author: Noel Benzinger <noel.benzinger@utexas.edu>
Date:   Tue Mar 21 18:08:49 2017 -0500

    Fixed username - Noel.

commit 56bffaf12707a6767c9735298db8e98b9f32514d
Author: Thomas Cardwell <Thomas Cardwell>
Date:   Tue Mar 21 18:01:39 2017 -0500

    updated json files

commit 8cf3b5d2fdb0464951902e76a8bc1c97368ba56d
Merge: b270b78 4bee993
Author: Thomas Cardwell <Thomas Cardwell>
Date:   Tue Mar 21 17:51:27 2017 -0500

    Merge branch 'dev' of https://github.com/jmsanchez86/idb into dev

commit b270b787a5a9f0ae2c2ea24ba65c944d51572283
Author: Thomas Cardwell <Thomas Cardwell>
Date:   Tue Mar 21 17:50:45 2017 -0500

    made maps from ingredient and tag arrays

commit 4bee99304392c1155c7b440b4710e56131e9e04f
Merge: 5e1bf52 e071443
Author: Scott Munro <scottmunro@utexas.edu>
Date:   Tue Mar 21 17:48:27 2017 -0500

    Merge pull request #66 from jmsanchez86/deploy-frontend-test
    
    restructuring so that recent frontend work can be deployed

commit e071443939c1ad76cd00a2846ecadaad9ce1547a
Merge: 863f1d0 5e1bf52
Author: Scott Munro <scottmunro@utexas.edu>
Date:   Tue Mar 21 17:44:56 2017 -0500

    Merge branch 'dev' into deploy-frontend-test

commit 5e1bf528fbcfa8de6ab5d67b5ad215e0abe7073b
Author: Scott Munro <scottmunro@utexas.edu>
Date:   Tue Mar 21 17:43:20 2017 -0500

    gitignoring the node_modules dir

commit 863f1d0fc7998a8199523b2eb33b20ff5f91bcab
Author: Scott Munro <scottmunro@utexas.edu>
Date:   Tue Mar 21 17:37:42 2017 -0500

    removing dummy script

commit bec315373eb038aaf191fd8c45b0768cdce3c6cb
Author: Noel Benzinger <noel.benzinger@utexas.edu>
Date:   Tue Mar 21 17:35:16 2017 -0500

    Removed diagram_nutrients and fixed up the diagram to reflect models.

commit 8dc9a1ee0899bba59e97bbfbd243fa3e129ab8f2
Author: Scott Munro <scottmunro@utexas.edu>
Date:   Tue Mar 21 17:34:49 2017 -0500

    updating the client.min.js file being served statically to users

commit b3c9951d862516ba40a6c667a0f3058aa7aa814b
Merge: c18250e 013785d
Author: Scott Munro <scottmunro@utexas.edu>
Date:   Tue Mar 21 17:30:28 2017 -0500

    Merge branch 'dev' into deploy-frontend-test

commit 013785d7e32d0f655eff63ac5709cfcb4313860b
Merge: 8efab76 ae8b34d
Author: Scott Hornberger <scott.hornberger@utexas.edu>
Date:   Tue Mar 21 17:29:04 2017 -0500

    Merge branch 'dev' of github.com:jmsanchez86/idb into dev

commit 8efab76229e29c032d9a2f6570bc23e34f0596d5
Author: Scott Hornberger <scott.hornberger@utexas.edu>
Date:   Tue Mar 21 17:28:26 2017 -0500

    Created new clien.min.js

commit ae8b34da974b103855135afc548ce4a772d5a176
Author: Noel Benzinger <noel.benzinger@utexas.edu>
Date:   Tue Mar 21 17:15:03 2017 -0500

    Added basic makefile and travis yml.

commit c18250eaa81268c7fc790c6c1e99ce09f89057a2
Merge: 7dc9851 9cf777a
Author: Scott Munro <scottmunro@utexas.edu>
Date:   Tue Mar 21 17:05:02 2017 -0500

    Merge branch 'dev' into deploy-frontend-test

commit 7dc98514f86922b2df9de72aac634b407fdd4057
Author: Scott Munro <scottmunro@utexas.edu>
Date:   Tue Mar 21 16:59:07 2017 -0500

    making setup_env executable

commit 9cf777a94e068d419b246a868c6a3b99e0a43103
Merge: a066e46 c36a589
Author: Thomas Cardwell <Thomas Cardwell>
Date:   Tue Mar 21 16:45:52 2017 -0500

    Merge branch 'dev' of https://github.com/jmsanchez86/idb into dev

commit a066e4603b4ed9d24df3439e6e8da1513a2b468f
Author: Thomas Cardwell <Thomas Cardwell>
Date:   Tue Mar 21 16:45:37 2017 -0500

    replaced uppercase tag attributes

commit 201a184970f8eb86e1c1ebaf54183f67fc742940
Author: Scott Munro <scottnmunro@gmail.com>
Date:   Tue Mar 21 16:43:22 2017 -0500

    intermittent push to test on the lab machines

commit c36a589e1de509e201b5878896142f2049b5e9e0
Author: Noel Benzinger <noel.benzinger@utexas.edu>
Date:   Tue Mar 21 16:32:15 2017 -0500

    Image url was in the wrong field - Noel.

commit 6b624497645a7769aeb4b8cb4b589bca61a89deb
Author: Noel Benzinger <noel.benzinger@utexas.edu>
Date:   Tue Mar 21 16:29:52 2017 -0500

    Changed avatar url - Noel.

commit 83d477929ccc2357bb6ec12e8ab6d3bcc3c0b56e
Merge: eee977b 7c4d12b
Author: Noel Benzinger <noel.benzinger@utexas.edu>
Date:   Tue Mar 21 16:26:24 2017 -0500

    Merge branch 'dev' of https://github.com/jmsanchez86/idb into dev

commit eee977bcc4fb8d85627889c2b365e00e60668c91
Author: Noel Benzinger <noel.benzinger@utexas.edu>
Date:   Tue Mar 21 16:26:06 2017 -0500

    Added Thumbs.db to .gitignore.

commit 32aeab715fac265d5240b06e56f251df0a1fd589
Author: Noel Benzinger <noel.benzinger@utexas.edu>
Date:   Tue Mar 21 16:25:49 2017 -0500

    Updated team info - Noel, fixes #25.

commit 7c4d12bdab7689a2a9d6b4833cf4517b9ad3b25c
Author: Thomas Cardwell <Thomas Cardwell>
Date:   Tue Mar 21 16:19:47 2017 -0500

    fixed food json to link ingredients to grocery items

commit fad24669bbc2f03ab1b4588f9fb390bb9de1eeee
Author: Noel Benzinger <noel.benzinger@utexas.edu>
Date:   Tue Mar 21 15:59:11 2017 -0500

    Renamed app to match dev branch.

commit 02dae6fe19e15dc1a37470bb50e407dcf673ef2d
Author: EndlessStomach <endlessstomach8@gmail.com>
Date:   Tue Mar 21 15:58:24 2017 -0500

    API, updated endpoints

commit 8565cd1daf78501b60355080e555fd47359c2003
Author: Noel Benzinger <noel.benzinger@utexas.edu>
Date:   Tue Mar 21 15:54:58 2017 -0500

    Finished tag associations.

commit 679d701f202ae92a979576b9eabe3aeae7e4499b
Author: EndlessStomach <endlessstomach8@gmail.com>
Date:   Tue Mar 21 15:53:55 2017 -0500

    Transferring API Description file from Apiary.io, updated parameters

commit 3e5d3b98349d8b759bfc63c626b53c68cdfeb45b
Author: Thomas Cardwell <Thomas Cardwell>
Date:   Tue Mar 21 15:28:58 2017 -0500

    working links and info from JSON for Single recipe page

commit 46773af892cfe73556e45abbbb0a3074c6656d91
Author: Noel Benzinger <noel.benzinger@utexas.edu>
Date:   Tue Mar 21 15:15:21 2017 -0500

    Used association proxy, added more tests.

commit 049eee9bed80593ac975e0c454a17c2841e1518e
Author: EndlessStomach <endlessstomach8@gmail.com>
Date:   Tue Mar 21 14:21:29 2017 -0500

    Initial Apiary Documentation

commit ee4402b42e31364363e59235e0cf2d14f5f92cc6
Author: Scott Hornberger <scott.hornberger@utexas.edu>
Date:   Tue Mar 21 12:31:54 2017 -0500

    Changed setState() to forceUpdate(), the new preferred method

commit 75b01bf31f07ff075ad7212a1ce8b59072b56128
Author: Scott Hornberger <scott.hornberger@utexas.edu>
Date:   Tue Mar 21 12:29:49 2017 -0500

    All pages loading, main pillar pages using JSON.

commit bcbf7a60392178ae40ffe10df43eaf176c8deb2f
Merge: 1b4926a 5357169
Author: Scott Hornberger <scott.hornberger@utexas.edu>
Date:   Tue Mar 21 12:27:11 2017 -0500

    Merge branch 'dev' of github.com:jmsanchez86/idb into dev

commit 1b4926a429aaba07512cb020586cf517072842f3
Author: Scott Hornberger <scott.hornberger@utexas.edu>
Date:   Tue Mar 21 10:15:15 2017 -0500

    Update formatting to all lowercase and dashes

commit cc0d0fe6be3113c09333979cb6c47b56b5888ef7
Author: Scott Hornberger <scott.hornberger@utexas.edu>
Date:   Tue Mar 21 10:02:50 2017 -0500

    Link Ingredients -> Recipes

commit 5357169469bf1298f2beb80b270e63c72eb0b5db
Merge: dece663 a2d0203
Author: Thomas Cardwell <Thomas Cardwell>
Date:   Mon Mar 20 18:11:46 2017 -0500

    Merge branch 'reactdev' into dev

commit a2d0203b292158a9fb34723216c432bf27dd08b8
Merge: 2b10488 2614370
Author: Thomas Cardwell <Thomas Cardwell>
Date:   Mon Mar 20 18:10:52 2017 -0500

    Merge branch 'reactdev' of https://github.com/jmsanchez86/idb into reactdev

commit dece663a19e449871c35b0e8998a86d09e5a0c84
Author: Scott Hornberger <scott.hornberger@utexas.edu>
Date:   Mon Mar 20 15:52:09 2017 -0500

    Create JSON file to represent mock food.

commit 7a2ba7afa7e0f7c3b1318fb014e660caac1eb104
Merge: 20527ce 2614370
Author: Scott Hornberger <scott.hornberger@utexas.edu>
Date:   Mon Mar 20 13:00:49 2017 -0500

    Merge pull request #61 from jmsanchez86/reactdev
    
    Reactdev into dev

commit 2614370ab264c16ac06bccead52a6517faf5149a
Merge: b3467e5 20527ce
Author: Scott Hornberger <scott.hornberger@utexas.edu>
Date:   Mon Mar 20 12:58:24 2017 -0500

    Merge pull request #60 from jmsanchez86/dev
    
    reactdev and dev

commit 20527ce0490e5e295f92daf4a280aa914d7fbdfc
Merge: 2ad0620 01e658f
Author: Scott Hornberger <scott.hornberger@utexas.edu>
Date:   Mon Mar 20 12:57:17 2017 -0500

    Merge pull request #59 from jmsanchez86/yuml
    
    Yuml

commit 01e658f8bb3c82917b7efa935b9330cc54a47ff3
Author: Scott Hornberger <scott.hornberger@utexas.edu>
Date:   Mon Mar 20 12:54:38 2017 -0500

    GroceryItem related to One Ingredient

commit b3467e57e4c6294c13dd955d5f398b29da15751f
Author: Scott Hornberger <scott.hornberger@utexas.edu>
Date:   Mon Mar 20 11:36:15 2017 -0500

    Change all module class names to match file name

commit 2e01348f35f5240063b63c5c73975112df27346b
Merge: 5760187 3e99f32
Author: Scott Hornberger <scott.hornberger@utexas.edu>
Date:   Mon Mar 20 11:24:52 2017 -0500

    Merge branch 'reactdev' of github.com:jmsanchez86/idb into reactdev

commit 2b104882cbe1b03c88f4b0fba5815955a5802767
Author: Thomas Cardwell <Thomas Cardwell>
Date:   Mon Mar 20 04:52:34 2017 -0500

    Added unique-content label to about page content.

commit 3e99f320f0abb4bbd72413f284c29f194f63762c
Author: Thomas Cardwell <Thomas Cardwell>
Date:   Mon Mar 20 04:46:04 2017 -0500

    fixed commas and added bio in the other json file

commit f4e77258c0b1efe0f8921c3e483214e38e5dcbc0
Author: Thomas Cardwell <Thomas Cardwell>
Date:   Mon Mar 20 04:45:39 2017 -0500

    Removed styling that wasn't used

commit da3dac403253b44220a90da661c7205296eb5921
Author: Thomas Cardwell <Thomas Cardwell>
Date:   Mon Mar 20 04:45:12 2017 -0500

    Updated about page to pull from team info json

commit 2ad06204f10cfcfe855f95c2cc4d680f458b8ffd
Author: CoryDunn <cory.dunn@sbcglobal.net>
Date:   Mon Mar 20 02:04:44 2017 +0000

    restore team data that was removed when merged from reactdev

commit ada68de6bfe6f78b6774c27c47980361c8ba530a
Author: CoryDunn <cory.dunn@sbcglobal.net>
Date:   Mon Mar 20 01:59:04 2017 +0000

    updated team-info

commit 57601871a92654c91ce1fb6b25273f5cf4d6066a
Merge: 27efb57 58e6b08
Author: Scott Hornberger <scott.hornberger@utexas.edu>
Date:   Sun Mar 19 19:49:46 2017 -0500

    Merge branch 'master' of github.com:jmsanchez86/idb into reactdev

commit 27efb57b71e226082bbca4e8bcf069529baec751
Merge: 01a28c1 ec3fe68
Author: Scott Hornberger <scott.hornberger@utexas.edu>
Date:   Sun Mar 19 19:49:07 2017 -0500

    Merge branch 'frontdev' into reactdev

commit 01a28c181c22bf9b1f1cdbad2442f7bba6f10b6c
Author: Scott Hornberger <scott.hornberger@utexas.edu>
Date:   Sun Mar 19 19:37:52 2017 -0500

    Update link/button animation.

commit 5c5a4393a623e18e4ac23864c7a14142d2f8f615
Author: Scott Hornberger <scott.hornberger@utexas.edu>
Date:   Sat Mar 18 14:20:40 2017 -0500

    beautify navbar link :hover behavior

commit 58e6b0853a4f5cb34bdb35b7c62d4c8dae50d8c4
Author: Thomas Cardwell <Thomas Cardwell>
Date:   Sat Mar 18 13:19:10 2017 -0500

    Merge team-info fix from reactdev branch

commit 2e18ccf47f47165bfa12838a9f8aaa9b8690cb0f
Author: Thomas Cardwell <Thomas Cardwell>
Date:   Sat Mar 18 13:11:51 2017 -0500

    Added github info to about page

commit 8d8ae64dfe4303aa6b95b038009b434527760191
Author: Thomas Cardwell <Thomas Cardwell>
Date:   Sat Mar 18 13:11:25 2017 -0500

    Fixed commas in team-info json

commit 065fc44da31637631b008122ddf6c18b89885d0b
Author: Noel Benzinger <noel.benzinger@utexas.edu>
Date:   Fri Mar 17 16:51:53 2017 -0500

    Added more relationships, altered testing code.

commit ec3fe68a21ddbb4415b5423ff89a0b44d4f5ad82
Author: Jose Sanchez <jmsanchez8653@hotmail.com>
Date:   Fri Mar 17 16:42:27 2017 -0500

    Added static page for an individual recipe.

commit 643f7771b9c464c0ef566c9e6de7984193ee30b9
Author: Noel Benzinger <noel.benzinger@utexas.edu>
Date:   Fri Mar 17 14:48:29 2017 -0500

    Basic relationship test, moved primary models to top.

commit 0a164fa92cdf4a23fa613f4d3ce544a875171529
Author: Scott Hornberger <scott.hornberger@utexas.edu>
Date:   Fri Mar 17 12:14:11 2017 -0500

    Add the vf-react folder.

commit 61d40d51ac7caf9986a572950920ccecf08e18a1
Merge: d0e3b69 1353db0
Author: Scott Munro <scottmunro@utexas.edu>
Date:   Thu Mar 16 18:44:13 2017 -0500

    Merge pull request #55 from jmsanchez86/test-data
    
    Created some test data for us to eventually pull into a simple test database

commit 1353db03c8ccc5c72f7d42d329dacc8a532853ce
Author: Scott Munro <scottnmunro@gmail.com>
Date:   Thu Mar 16 18:33:20 2017 -0500

    added a quick text file to see internal id->ingredient mapping
    
    only need a few fully detailed ingredients so I'm not going to detail
    all 17 of these

commit d712fb3d6073b77d2129900460645985f599fceb
Author: Scott Munro <scottnmunro@gmail.com>
Date:   Thu Mar 16 18:33:02 2017 -0500

    added spoonacular and internal id to ingredient list in recipes.json

commit b071a0a88ce5ba90cdd8c38bae255cbeddf2f75e
Author: Scott Munro <scottnmunro@gmail.com>
Date:   Thu Mar 16 18:17:33 2017 -0500

    fix: added spoonacular-ids to ingredients json

commit d8fc771e1fd967746c996b685d06e5e0d664957f
Author: Scott Munro <scottnmunro@gmail.com>
Date:   Thu Mar 16 18:12:31 2017 -0500

    fix: "teh" typo and added period to end of descriptions in tags.json

commit 62bdd83f3103ed46d6d9a1bde4fa06c3bfc1bafd
Author: Noel Benzinger <noel.benzinger@utexas.edu>
Date:   Thu Mar 16 17:25:44 2017 -0500

    Replaced nutrient type enum with string.

commit a9263a7bd6c43e93ead89671f94c29d4b3d12de5
Author: Noel Benzinger <noel.benzinger@utexas.edu>
Date:   Thu Mar 16 17:22:57 2017 -0500

    Filled in remaining constructors.

commit 46897ca7ae29e41eeac0950a91321dfb6abd5a07
Author: Noel Benzinger <noel.benzinger@utexas.edu>
Date:   Thu Mar 16 17:08:29 2017 -0500

    Turned on echoes.

commit 60c272a4c3740dd61bbe0ad3a6101f1bf6f29a00
Author: Noel Benzinger <noel.benzinger@utexas.edu>
Date:   Thu Mar 16 17:01:06 2017 -0500

    added table names and version print out.

commit d0e3b6991c08e61ea42620996bc6a38332c1b82d
Author: thomascardwell7 <thomascardwell7@gmail.com>
Date:   Thu Mar 16 15:59:21 2017 -0500

    Added Thomas Cardwell bio

commit ba7780cffe447dd11b227f3eb881238a9273343f
Merge: b3c6d3c 97cbec3
Author: Scott Hornberger <scott.hornberger@utexas.edu>
Date:   Thu Mar 16 11:34:03 2017 -0500

    fixe wonky footer.

commit b3c6d3c28b9e73fee2ed5b373b70b158b3761e8f
Merge: 6d4edc7 9660a5f
Author: thomascardwell7 <thomascardwell7@gmail.com>
Date:   Wed Mar 15 16:03:57 2017 -0500

    Merge pull request #54 from jmsanchez86/about-page-team-info
    
    adding a teaminfo json file to easily update the about page

commit 97cbec3b4c53f3217b897518a3357e39f65c659e
Author: Thomas Cardwell <Thomas Cardwell>
Date:   Wed Mar 15 15:56:32 2017 -0500

    Added logo link to splash screen

commit 9660a5fc44fc700b01ead068a58ec3e7fe48bd6f
Author: Scott Munro <scottnmunro@gmail.com>
Date:   Wed Mar 15 15:55:27 2017 -0500

    adding a teaminfo json file to easily update the about page

commit 6702d066583ac6ac7ffd55ab58e251670504a545
Author: Thomas Cardwell <Thomas Cardwell>
Date:   Wed Mar 15 15:49:32 2017 -0500

    Added grid page, linked from base.

commit 59b4342f9064e3b09062178c67fb99e2cd1a64d8
Author: Noel Benzinger <noel.benzinger@utexas.edu>
Date:   Wed Mar 15 15:48:03 2017 -0500

    renaming, image_url does not need uniqueness.

commit 2476cce2031fbadef9cfc44c54959d99692e9ccc
Author: Noel Benzinger <noel.benzinger@utexas.edu>
Date:   Wed Mar 15 15:43:16 2017 -0500

    Renamed unit to quantity_unit.

commit cd155369e174d44ffb10b307b95c143c5e449488
Author: Scott Hornberger <scott.hornberger@utexas.edu>
Date:   Wed Mar 15 15:30:37 2017 -0500

    Updated yUML
    
    Update yUML to have
    - specific Nutrient classes for Ingredient and Recipes
    - IngredientAmount class
    - Ingredient self-relation

commit b0850fe9319f29d2fc018170f113c7c52cfd2196
Author: Noel Benzinger <noelbenzinger@gmail.com>
Date:   Wed Mar 15 15:26:45 2017 -0500

    WIP models

commit 663246f54831afae9be6e2d7691f22fc3e3e3128
Author: Thomas Cardwell <Thomas Cardwell>
Date:   Wed Mar 15 09:22:27 2017 -0500

    Changed carousel height

commit 5d784b1f503ad9a9b75dd80a1c541896fec8a3e9
Author: Noel Benzinger <noelbenzinger@gmail.com>
Date:   Tue Mar 14 18:19:03 2017 -0500

    Cut out nutrition class.

commit e6b91bb14a35071fca55dcd1c3d3011454d2be60
Author: Ronny <noelbenzinger@gmail.com>
Date:   Tue Mar 14 17:14:34 2017 -0500

    alternate diagram with nutrition split up by nutrients.

commit e52d084c6b59cd8923e35d345aed21e08cb97adb
Author: Scott Hornberger <scott.hornberger@utexas.edu>
Date:   Tue Mar 14 14:13:24 2017 -0500

    Working carousel page

commit 6d4edc7dea533c7e1f816d417991bdc93bf47f35
Author: Scott Hornberger <scott.hornberger@utexas.edu>
Date:   Tue Mar 14 13:23:21 2017 -0500

    Update base.html

commit c765e3e32caa1874a266b1d5605ed13cdce653df
Author: Scott Hornberger <scott.hornberger@utexas.edu>
Date:   Tue Mar 14 13:22:21 2017 -0500

    testing adding images.

commit 2f8f997f85920f1dd4d170d463383d279bba5c9a
Author: Noel Benzinger <noel.benzinger@utexas.edu>
Date:   Tue Mar 14 12:33:40 2017 -0500

    Update grocery_items.json
    
    Missing comma.

commit 018e75096440806ca1459995735e0e63af86eba7
Author: Scott Munro <scottnmunro@gmail.com>
Date:   Tue Mar 14 00:45:47 2017 -0500

    grocery items no longer have price, changed to upc

commit 2ac218eda18f37d2069fc22ac19743b96eaa39a6
Author: Scott Munro <scottnmunro@gmail.com>
Date:   Tue Mar 14 00:45:03 2017 -0500

    adding image field to all models

commit ac9258bae9dd2ad091d772e86e71d349ab9f22dc
Merge: db201af d9b59a6
Author: Scott Munro <scottnmunro@gmail.com>
Date:   Tue Mar 14 00:43:07 2017 -0500

    Merge branch 'master' into yuml

commit d04d60942a8e9e57e95c01740f06a6ac607aa746
Author: Scott Munro <scottnmunro@gmail.com>
Date:   Tue Mar 14 00:42:32 2017 -0500

    added recipe ids to ingredients

commit 3f6e854858f224aef8171577857afc37ca9af63d
Author: Scott Munro <scottnmunro@gmail.com>
Date:   Tue Mar 14 00:40:06 2017 -0500

    removing intermediate test data

commit bfe4fc76e71d24e07265609089f80542990d3812
Author: Scott Munro <scottnmunro@gmail.com>
Date:   Tue Mar 14 00:39:41 2017 -0500

    created vennfridge specific id

commit 61db543e5a38f7514a4adc8fcad7392dc379f8ae
Author: Scott Munro <scottnmunro@gmail.com>
Date:   Tue Mar 14 00:35:13 2017 -0500

    adding recipe json

commit 641b53f91392601a11a8132268a413d0b2f8caa9
Author: Scott Munro <scottnmunro@gmail.com>
Date:   Mon Mar 13 23:13:07 2017 -0500

    added the tags info
    
    missing recipe data

commit f42ed9dcab23d01a13859522df4952d246634431
Author: Scott Munro <scottnmunro@gmail.com>
Date:   Mon Mar 13 23:12:49 2017 -0500

    added back in mediterranean tags

commit cf66922007033d34e15a7175af6807982045cd85
Author: Scott Munro <scottnmunro@gmail.com>
Date:   Mon Mar 13 22:58:16 2017 -0500

    adding first stage of ingredients list
    
    missing nutrition and recipes

commit 50405f95e9be22893b30ca3b86e80ec162032342
Author: Scott Munro <scottnmunro@gmail.com>
Date:   Mon Mar 13 22:50:11 2017 -0500

    adding test data for grocery items

commit d9b59a6c661e70b03646375f0fefa58ba9817b9b
Merge: 35d2568 dfabc10
Author: Scott Munro <scottmunro@utexas.edu>
Date:   Mon Mar 13 16:42:46 2017 -0500

    Merge pull request #53 from jmsanchez86/basic-page-for-dns-test
    
    Basic starter page

commit db201afa889bcb79412ccf3127569c62e6fb6279
Author: Scott Munro <scottnmunro@gmail.com>
Date:   Sat Mar 11 22:33:49 2017 -0600

    updated UML with TODOs and nutrition

commit dfabc109662c31232839cf0799f6fad85f79a6ad
Author: Scott Munro <scottnmunro@gmail.com>
Date:   Sat Mar 11 14:59:34 2017 -0600

    adding starting app. Just echos VennFridge

commit e70ef12a49be2520ac56f4e7e93380932a0867c7
Author: Scott Munro <scottnmunro@gmail.com>
Date:   Sat Mar 11 14:59:13 2017 -0600

    adding venv requirements and firsttime setup script

commit a4c5af51594a1470c0207f696433dc2ac725dce0
Author: Scott Munro <scottnmunro@gmail.com>
Date:   Sat Mar 11 14:44:21 2017 -0600

    don't store the config file
    
    http://softwareengineering.stackexchange.com/questions/205606/strategy-for-keeping-secret-info-such-as-api-keys-out-of-source-control

commit ead2f98f37a279a80c1ab73df8f208dca8449b7e
Author: Scott Munro <scottnmunro@gmail.com>
Date:   Sat Mar 11 14:27:17 2017 -0600

    removing CNAME file; no longer connecting our domain to ghpages

commit ce65868e186ef4672bedad4a09c32a71183ab4c9
Author: Scott Munro <scottnmunro@gmail.com>
Date:   Sat Mar 11 14:15:44 2017 -0600

    ignore tmp files, python tmps, vim buffers, and virtual env folder

commit 78ffd766b99e114f73c03968d7c97dc4e532d1f6
Author: Ronny <noelbenzinger@gmail.com>
Date:   Sat Mar 11 11:00:48 2017 -0600

    Initial uml design.

commit 35d25682b6a4305d627cb9191f6b4c2c7cbd1c7b
Author: Jose Sanchez <jmsanchez8653@hotmail.com>
Date:   Tue Mar 7 19:26:50 2017 -0600

    Added CNAME file for custom domain (vennfridge.me)

commit 4b2c13c208283d324a8f851c66aaa136e868fd2c
Author: Jose Sanchez <jmsanchez8653@hotmail.com>
Date:   Tue Mar 7 19:26:49 2017 -0600

    Initial commit
